<?xml version="1.0" encoding="UTF-8"?>
<!-- Generated by org.testng.reporters.JUnitReportReporter -->
<testsuite hostname="LAPTOP-E8AE22MJ" failures="0" tests="1" name="testScripts.Tc_07" time="11.456" errors="0" timestamp="2023-07-03T10:06:21 IST" skipped="0">
  <testcase classname="testScripts.Tc_07" name="createContactWithExistingOrg" time="11.456"/>
</testsuite> <!-- testScripts.Tc_07 -->
