<?xml version="1.0" encoding="UTF-8"?>
<!-- Generated by org.testng.reporters.JUnitReportReporter -->
<testsuite hostname="LAPTOP-E8AE22MJ" failures="0" tests="1" name="practice.ExtendReports" time="4.983" errors="0" timestamp="2023-07-03T10:00:33 IST" skipped="0">
  <testcase classname="practice.ExtendReports" name="report" time="4.983"/>
</testsuite> <!-- practice.ExtendReports -->
