<?xml version="1.0" encoding="UTF-8"?>
<!-- Generated by org.testng.reporters.JUnitReportReporter -->
<testsuite hostname="LAPTOP-E8AE22MJ" failures="0" tests="1" name="testScripts.Tc_02" time="10.646" errors="0" timestamp="2023-07-03T10:06:21 IST" skipped="0">
  <testcase classname="testScripts.Tc_02" name="createOrganizationWithTypeAndIndustry" time="10.646"/>
</testsuite> <!-- testScripts.Tc_02 -->
