<?xml version="1.0" encoding="UTF-8"?>
<!-- Generated by org.testng.reporters.JUnitReportReporter -->
<testsuite hostname="LAPTOP-E8AE22MJ" failures="0" tests="1" name="testScripts.Tc_04" time="10.499" errors="0" timestamp="2023-07-03T10:06:21 IST" skipped="0">
  <testcase classname="testScripts.Tc_04" name="createContactWithMandField" time="10.499"/>
</testsuite> <!-- testScripts.Tc_04 -->
